<?xml version="1.0" encoding="UTF-8"?>
<!-- Generated by org.testng.reporters.JUnitReportReporter -->
<testsuite hostname="DESKTOP-1NGM2FU" failures="0" tests="1" name="testcases.LoginTest" time="12.744" errors="0" timestamp="2023-12-15T12:15:59 IST" skipped="0">
  <testcase classname="testcases.LoginTest" name="loginTest" time="12.744"/>
</testsuite> <!-- testcases.LoginTest -->
